01:03:24.745 [main] INFO  com.mindtree.utilities.BaseClass - System property set. Driver initialized
01:03:24.870 [main] DEBUG com.mindtree.utilities.BaseClass - Maximized the browser window
01:03:42.148 [main] DEBUG com.mindtree.utilities.BaseClass - Navigated to https://tide.com/en-us
01:03:42.454 [main] DEBUG com.mindtree.utilities.BaseClass - Clicked the link US - English
01:03:56.300 [main] INFO  com.mindtree.utilities.BaseClass - [TC PASS] Website's language changed to Spanish
01:03:57.896 [main] INFO  com.mindtree.utilities.BaseClass - System property set. Driver initialized
01:03:58.016 [main] DEBUG com.mindtree.utilities.BaseClass - Maximized the browser window
01:04:13.265 [main] DEBUG com.mindtree.utilities.BaseClass - Navigated to https://tide.com/en-us
01:04:13.605 [main] INFO  com.mindtree.utilities.BaseClass - Clicked Powder footer link
01:04:16.870 [main] INFO  com.mindtree.utilities.BaseClass - [TC PASS] String found in first result.  Expected [ Powder ] , Found [ Tide Clean Breeze Powder Laundry Detergent ]
01:04:18.231 [main] INFO  com.mindtree.utilities.BaseClass - System property set. Driver initialized
01:04:18.367 [main] DEBUG com.mindtree.utilities.BaseClass - Maximized the browser window
01:04:28.972 [main] DEBUG com.mindtree.utilities.BaseClass - Navigated to https://tide.com/en-us
01:04:29.330 [main] DEBUG com.mindtree.utilities.BaseClass - Clicked the link Live Chat
01:04:29.504 [main] INFO  com.mindtree.utilities.BaseClass - [TC PASS] String found.  Expected [ REAL-TIME
CHAT SUPPORT ] , Found [ REAL-TIME
CHAT SUPPORT ]
01:04:31.144 [main] INFO  com.mindtree.utilities.BaseClass - System property set. Driver initialized
01:04:31.271 [main] DEBUG com.mindtree.utilities.BaseClass - Maximized the browser window
01:04:43.834 [main] DEBUG com.mindtree.utilities.BaseClass - Navigated to https://tide.com/en-us
01:04:44.147 [main] DEBUG com.mindtree.utilities.BaseClass - Moved to element How to Wash Clothes
01:04:44.442 [main] DEBUG com.mindtree.utilities.BaseClass - Clicked the link 
01:04:46.477 [main] INFO  com.mindtree.utilities.BaseClass - [TC PASS] String found.  Expected [ How to Use a Washing Machine ] , Found [ How to Use a Washing Machine ]
01:04:47.807 [main] INFO  com.mindtree.utilities.BaseClass - System property set. Driver initialized
01:04:47.929 [main] DEBUG com.mindtree.utilities.BaseClass - Maximized the browser window
01:05:01.756 [main] DEBUG com.mindtree.utilities.BaseClass - Navigated to https://tide.com/en-us
01:05:01.908 [main] INFO  com.mindtree.utilities.BaseClass - [TC PASS] String found.  Expected [ P&G ] , Found [ Part of the P&G Family ]
01:05:03.201 [main] INFO  com.mindtree.utilities.BaseClass - System property set. Driver initialized
01:05:03.317 [main] DEBUG com.mindtree.utilities.BaseClass - Maximized the browser window
01:05:14.760 [main] DEBUG com.mindtree.utilities.BaseClass - Navigated to https://tide.com/en-us
01:05:51.878 [main] INFO  com.mindtree.utilities.BaseClass - Clicked on P&G icon
01:05:51.904 [main] INFO  com.mindtree.utilities.BaseClass - [TC PASS] Redirected to P&G website successfully
01:05:53.566 [main] INFO  com.mindtree.utilities.BaseClass - System property set. Driver initialized
01:05:53.690 [main] DEBUG com.mindtree.utilities.BaseClass - Maximized the browser window
01:06:04.389 [main] DEBUG com.mindtree.utilities.BaseClass - Navigated to https://tide.com/en-us
01:06:04.623 [main] INFO  com.mindtree.utilities.BaseClass - [TC PASS] Promotional image is present on homepage
01:06:05.921 [main] INFO  com.mindtree.utilities.BaseClass - System property set. Driver initialized
01:06:06.047 [main] DEBUG com.mindtree.utilities.BaseClass - Maximized the browser window
01:06:17.294 [main] DEBUG com.mindtree.utilities.BaseClass - Navigated to https://tide.com/en-us
01:06:17.551 [main] DEBUG com.mindtree.utilities.BaseClass - Entered the string Washing
01:06:19.951 [main] DEBUG com.mindtree.utilities.BaseClass - Pressed Enter key
01:06:20.036 [main] INFO  com.mindtree.utilities.BaseClass - [TC PASS] String found on top.  Expected [ Washing ] , Found [ for "Washing" ]
01:06:22.046 [main] INFO  com.mindtree.utilities.BaseClass - System property set. Driver initialized
01:06:22.169 [main] DEBUG com.mindtree.utilities.BaseClass - Maximized the browser window
01:06:35.927 [main] DEBUG com.mindtree.utilities.BaseClass - Navigated to https://tide.com/en-us
01:06:36.273 [main] DEBUG com.mindtree.utilities.BaseClass - Clicked the link Register
01:06:36.930 [main] DEBUG com.mindtree.utilities.BaseClass - Clicked the link Sign up now
01:06:53.588 [main] DEBUG com.mindtree.utilities.BaseClass - Entered the string Mukil
01:06:53.762 [main] DEBUG com.mindtree.utilities.BaseClass - Entered the string ajax@xyz.zyx
01:06:53.920 [main] DEBUG com.mindtree.utilities.BaseClass - Entered the string !Special2
01:06:54.085 [main] ERROR com.mindtree.utilities.BaseClass - [TC FAIL] Account creatable even after wrong email
01:06:56.115 [main] INFO  com.mindtree.utilities.BaseClass - System property set. Driver initialized
01:06:56.238 [main] DEBUG com.mindtree.utilities.BaseClass - Maximized the browser window
01:07:13.482 [main] DEBUG com.mindtree.utilities.BaseClass - Navigated to https://tide.com/en-us
01:07:13.931 [main] DEBUG com.mindtree.utilities.BaseClass - Clicked the link Register
01:07:14.131 [main] DEBUG com.mindtree.utilities.BaseClass - Clicked the link Sign up now
01:07:35.194 [main] DEBUG com.mindtree.utilities.BaseClass - Entered the string Bristle
01:07:35.418 [main] DEBUG com.mindtree.utilities.BaseClass - Entered the string ajayk@gmail.com
01:07:35.602 [main] DEBUG com.mindtree.utilities.BaseClass - Entered the string !Special2
01:07:35.760 [main] INFO  com.mindtree.utilities.BaseClass - [TC PASS] Valid credentials. Account can be created
01:07:37.077 [main] INFO  com.mindtree.utilities.BaseClass - System property set. Driver initialized
01:07:37.189 [main] DEBUG com.mindtree.utilities.BaseClass - Maximized the browser window
01:07:56.906 [main] DEBUG com.mindtree.utilities.BaseClass - Navigated to https://tide.com/en-us
01:07:57.271 [main] DEBUG com.mindtree.utilities.BaseClass - Clicked the link Terms & Conditions
01:08:09.096 [main] INFO  com.mindtree.utilities.BaseClass - [TC PASS] String found.  Expected [ Copyrights and Trademarks ] , Found [ Copyrights and Trademarks ]
01:08:10.439 [main] INFO  com.mindtree.utilities.BaseClass - System property set. Driver initialized
01:08:10.554 [main] DEBUG com.mindtree.utilities.BaseClass - Maximized the browser window
01:08:14.769 [main] INFO  com.mindtree.utilities.BaseClass - Report opened successfully
